app/build/intermediates/manifest_merge_blame_file/debug/manifest-merger-blame-debug-report.txt
1<?xml version="1.0" encoding="utf-8"?>
2<!--
3 Copyright (C) 2007 The Android Open Source Project
4
5     Licensed under the Apache License, Version 2.0 (the "License");
6     you may not use this file except in compliance with the License.
7     You may obtain a copy of the License at
8
9          http://www.apache.org/licenses/LICENSE-2.0
10
11     Unless required by applicable law or agreed to in writing, software
12     distributed under the License is distributed on an "AS IS" BASIS,
13     WITHOUT WARRANTIES OR CONDITIONS OF ANY KIND, either express or implied.
14     See the License for the specific language governing permissions and
15     limitations under the License.
16-->
17<!--
18 Declare the contents of this Android application.  The namespace
19     attribute brings in the Android platform namespace, and the package
20     supplies a unique name for the application.  When writing your
21     own application, the package name must be changed from "com.example.*"
22     to come from a domain that you own or have control over.
23-->
24<manifest xmlns:android="http://schemas.android.com/apk/res/android"
25    package="com.example.android.notepad" >
26
27    <uses-sdk
28        android:minSdkVersion="11"
28-->src\main\AndroidManifest.xml
29        android:targetSdkVersion="11" />
29-->src\main\AndroidManifest.xml
30
31    <application
31-->src\main\AndroidManifest.xml:26:5-121:19
32        android:debuggable="true"
33        android:icon="@drawable/app_notes"
33-->src\main\AndroidManifest.xml:26:18-52
34        android:label="@string/app_name"
34-->src\main\AndroidManifest.xml:27:9-41
35        android:testOnly="true" >
36        <provider
36-->src\main\AndroidManifest.xml:29:9-33:20
37            android:name="com.example.android.notepad.NotePadProvider"
37-->src\main\AndroidManifest.xml:29:19-49
38            android:authorities="com.google.provider.NotePad"
38-->src\main\AndroidManifest.xml:30:13-62
39            android:exported="false" >
39-->src\main\AndroidManifest.xml:31:13-37
40            <grant-uri-permission android:pathPattern=".*" />
40-->src\main\AndroidManifest.xml:32:13-62
40-->src\main\AndroidManifest.xml:32:35-59
41        </provider>
42
43        <activity
43-->src\main\AndroidManifest.xml:34:9-37:20
44            android:name="com.example.android.notepad.NoteSearch"
44-->src\main\AndroidManifest.xml:35:13-38
45            android:label="@string/title_notes_search" >
45-->src\main\AndroidManifest.xml:36:13-55
46        </activity>
47        <activity
47-->src\main\AndroidManifest.xml:38:9-56:20
48            android:name="com.example.android.notepad.NotesList"
48-->src\main\AndroidManifest.xml:38:19-43
49            android:label="@string/title_notes_list" >
49-->src\main\AndroidManifest.xml:38:44-84
50            <intent-filter>
50-->src\main\AndroidManifest.xml:39:13-42:29
51                <action android:name="android.intent.action.MAIN" />
51-->src\main\AndroidManifest.xml:40:17-69
51-->src\main\AndroidManifest.xml:40:25-66
52
53                <category android:name="android.intent.category.LAUNCHER" />
53-->src\main\AndroidManifest.xml:41:17-77
53-->src\main\AndroidManifest.xml:41:27-74
54            </intent-filter>
55            <intent-filter android:scheme="http" >
55-->src\main\AndroidManifest.xml:43:13-50:29
55-->src\main\AndroidManifest.xml:43:28-49
56                <action android:name="android.intent.action.VIEW" />
56-->src\main\AndroidManifest.xml:45:17-69
56-->src\main\AndroidManifest.xml:45:25-66
57                <action android:name="android.intent.action.EDIT" />
57-->src\main\AndroidManifest.xml:46:17-69
57-->src\main\AndroidManifest.xml:46:25-66
58                <action android:name="android.intent.action.PICK" />
58-->src\main\AndroidManifest.xml:47:17-69
58-->src\main\AndroidManifest.xml:47:25-66
59
60                <category android:name="android.intent.category.DEFAULT" />
60-->src\main\AndroidManifest.xml:48:17-76
60-->src\main\AndroidManifest.xml:48:27-73
61
62                <data android:mimeType="vnd.android.cursor.dir/vnd.google.note" />
62-->src\main\AndroidManifest.xml:49:17-83
62-->src\main\AndroidManifest.xml:49:23-80
63            </intent-filter>
64            <intent-filter>
64-->src\main\AndroidManifest.xml:51:13-55:29
65                <action android:name="android.intent.action.GET_CONTENT" />
65-->src\main\AndroidManifest.xml:52:17-76
65-->src\main\AndroidManifest.xml:52:25-73
66
67                <category android:name="android.intent.category.DEFAULT" />
67-->src\main\AndroidManifest.xml:48:17-76
67-->src\main\AndroidManifest.xml:48:27-73
68
69                <data android:mimeType="vnd.android.cursor.item/vnd.google.note" />
69-->src\main\AndroidManifest.xml:49:17-83
69-->src\main\AndroidManifest.xml:49:23-80
70            </intent-filter>
71        </activity>
72        <activity
72-->src\main\AndroidManifest.xml:58:9-84:20
73            android:name="com.example.android.notepad.NoteEditor"
73-->src\main\AndroidManifest.xml:58:19-44
74            android:configChanges="keyboardHidden|orientation"
74-->src\main\AndroidManifest.xml:61:13-63
75            android:screenOrientation="sensor"
75-->src\main\AndroidManifest.xml:60:13-47
76            android:theme="@android:style/Theme.Holo.Light" >
76-->src\main\AndroidManifest.xml:59:13-60
77
78            <!--
79                 This filter says that we can view or edit the data of
80                 a single note
81            -->
82            <intent-filter android:label="@string/resolve_edit" >
82-->src\main\AndroidManifest.xml:65:13-71:29
82-->src\main\AndroidManifest.xml:65:28-64
83                <action android:name="android.intent.action.VIEW" />
83-->src\main\AndroidManifest.xml:45:17-69
83-->src\main\AndroidManifest.xml:45:25-66
84                <action android:name="android.intent.action.EDIT" />
84-->src\main\AndroidManifest.xml:46:17-69
84-->src\main\AndroidManifest.xml:46:25-66
85                <action android:name="com.android.notepad.action.EDIT_NOTE" />
85-->src\main\AndroidManifest.xml:68:17-79
85-->src\main\AndroidManifest.xml:68:25-76
86
87                <category android:name="android.intent.category.DEFAULT" />
87-->src\main\AndroidManifest.xml:48:17-76
87-->src\main\AndroidManifest.xml:48:27-73
88
89                <data android:mimeType="vnd.android.cursor.item/vnd.google.note" />
89-->src\main\AndroidManifest.xml:49:17-83
89-->src\main\AndroidManifest.xml:49:23-80
90            </intent-filter>
91
92            <!--
93                 This filter says that we can create a new note inside
94                 of a directory of notes.  The INSERT action creates an
95                 empty note; the PASTE action initializes a new note from
96                 the current contents of the clipboard.
97            -->
98            <intent-filter>
98-->src\main\AndroidManifest.xml:77:13-82:29
99                <action android:name="android.intent.action.INSERT" />
99-->src\main\AndroidManifest.xml:78:17-71
99-->src\main\AndroidManifest.xml:78:25-68
100                <action android:name="android.intent.action.PASTE" />
100-->src\main\AndroidManifest.xml:79:17-70
100-->src\main\AndroidManifest.xml:79:25-67
101
102                <category android:name="android.intent.category.DEFAULT" />
102-->src\main\AndroidManifest.xml:48:17-76
102-->src\main\AndroidManifest.xml:48:27-73
103
104                <data android:mimeType="vnd.android.cursor.dir/vnd.google.note" />
104-->src\main\AndroidManifest.xml:49:17-83
104-->src\main\AndroidManifest.xml:49:23-80
105            </intent-filter>
106        </activity>
107        <activity
107-->src\main\AndroidManifest.xml:86:9-111:20
108            android:name="com.example.android.notepad.TitleEditor"
108-->src\main\AndroidManifest.xml:86:19-45
109            android:icon="@drawable/ic_menu_edit"
109-->src\main\AndroidManifest.xml:88:13-50
110            android:label="@string/title_edit_title"
110-->src\main\AndroidManifest.xml:87:13-53
111            android:theme="@android:style/Theme.Holo.Dialog"
111-->src\main\AndroidManifest.xml:89:13-61
112            android:windowSoftInputMode="stateVisible" >
112-->src\main\AndroidManifest.xml:90:13-55
113
114            <!--
115                 This activity implements an alternative action that can be
116                 performed on notes: editing their title.  It can be used as
117                 a default operation if the user invokes this action, and is
118                 available as an alternative action for any note data.
119            -->
120            <intent-filter android:label="@string/resolve_title" >
120-->src\main\AndroidManifest.xml:95:13-110:29
120-->src\main\AndroidManifest.xml:95:28-65
121
122                <!--
123                     This is the action we perform.  It is a custom action we
124                     define for our application, not a generic VIEW or EDIT
125                     action since we are not a general note viewer/editor.
126                -->
127                <action android:name="com.android.notepad.action.EDIT_TITLE" />
127-->src\main\AndroidManifest.xml:99:17-80
127-->src\main\AndroidManifest.xml:99:25-77
128                <!-- DEFAULT: execute if being directly invoked. -->
129                <category android:name="android.intent.category.DEFAULT" />
129-->src\main\AndroidManifest.xml:48:17-76
129-->src\main\AndroidManifest.xml:48:27-73
130                <!--
131                     ALTERNATIVE: show as an alternative action when the user is
132                     working with this type of data.
133                -->
134                <category android:name="android.intent.category.ALTERNATIVE" />
134-->src\main\AndroidManifest.xml:104:17-80
134-->src\main\AndroidManifest.xml:104:27-77
135                <!--
136                     SELECTED_ALTERNATIVE: show as an alternative action the user
137                     can perform when selecting this type of data.
138                -->
139                <category android:name="android.intent.category.SELECTED_ALTERNATIVE" />
139-->src\main\AndroidManifest.xml:107:17-89
139-->src\main\AndroidManifest.xml:107:27-86
140                <!-- This is the data type we operate on. -->
141                <data android:mimeType="vnd.android.cursor.item/vnd.google.note" />
141-->src\main\AndroidManifest.xml:49:17-83
141-->src\main\AndroidManifest.xml:49:23-80
142            </intent-filter>
143        </activity>
144        <activity
144-->src\main\AndroidManifest.xml:113:9-119:20
145            android:name="com.example.android.notepad.NotesLiveFolder"
145-->src\main\AndroidManifest.xml:113:19-49
146            android:icon="@drawable/live_folder_notes"
146-->src\main\AndroidManifest.xml:114:13-55
147            android:label="@string/live_folder_name" >
147-->src\main\AndroidManifest.xml:113:50-90
148            <intent-filter>
148-->src\main\AndroidManifest.xml:115:13-118:29
149                <action android:name="android.intent.action.CREATE_LIVE_FOLDER" />
149-->src\main\AndroidManifest.xml:116:17-83
149-->src\main\AndroidManifest.xml:116:25-80
150
151                <category android:name="android.intent.category.DEFAULT" />
151-->src\main\AndroidManifest.xml:48:17-76
151-->src\main\AndroidManifest.xml:48:27-73
152            </intent-filter>
153        </activity>
154    </application>
155
156</manifest>